<?xml version="1.0" encoding="UTF-8"?>
<testsuite name="com.flora.service.UserServiceTest" tests="1" skipped="0" failures="0" errors="0" timestamp="2023-10-24T06:43:11" hostname="jogeonhuis-MacBook-Air.local" time="0.115">
  <properties/>
  <testcase name="정보_수정()" classname="com.flora.service.UserServiceTest" time="0.115"/>
  <system-out><![CDATA[15:43:07.898 [Test worker] DEBUG org.springframework.test.context.BootstrapUtils - Instantiating CacheAwareContextLoaderDelegate from class [org.springframework.test.context.cache.DefaultCacheAwareContextLoaderDelegate]
15:43:07.904 [Test worker] DEBUG org.springframework.test.context.BootstrapUtils - Instantiating BootstrapContext using constructor [public org.springframework.test.context.support.DefaultBootstrapContext(java.lang.Class,org.springframework.test.context.CacheAwareContextLoaderDelegate)]
15:43:07.923 [Test worker] DEBUG org.springframework.test.context.BootstrapUtils - Instantiating TestContextBootstrapper for test class [com.flora.service.UserServiceTest] from class [org.springframework.boot.test.context.SpringBootTestContextBootstrapper]
15:43:07.930 [Test worker] INFO org.springframework.boot.test.context.SpringBootTestContextBootstrapper - Neither @ContextConfiguration nor @ContextHierarchy found for test class [com.flora.service.UserServiceTest], using SpringBootContextLoader
15:43:07.932 [Test worker] DEBUG org.springframework.test.context.support.AbstractContextLoader - Did not detect default resource location for test class [com.flora.service.UserServiceTest]: class path resource [com/flora/service/UserServiceTest-context.xml] does not exist
15:43:07.932 [Test worker] DEBUG org.springframework.test.context.support.AbstractContextLoader - Did not detect default resource location for test class [com.flora.service.UserServiceTest]: class path resource [com/flora/service/UserServiceTestContext.groovy] does not exist
15:43:07.932 [Test worker] INFO org.springframework.test.context.support.AbstractContextLoader - Could not detect default resource locations for test class [com.flora.service.UserServiceTest]: no resource found for suffixes {-context.xml, Context.groovy}.
15:43:07.933 [Test worker] INFO org.springframework.test.context.support.AnnotationConfigContextLoaderUtils - Could not detect default configuration classes for test class [com.flora.service.UserServiceTest]: UserServiceTest does not declare any static, non-private, non-final, nested classes annotated with @Configuration.
15:43:07.957 [Test worker] DEBUG org.springframework.test.context.support.ActiveProfilesUtils - Could not find an 'annotation declaring class' for annotation type [org.springframework.test.context.ActiveProfiles] and class [com.flora.service.UserServiceTest]
15:43:07.989 [Test worker] DEBUG org.springframework.context.annotation.ClassPathScanningCandidateComponentProvider - Identified candidate component class: file [/Users/chogunhee/intellij_workspace/Flora/build/classes/java/main/com/flora/FloraApplication.class]
15:43:07.989 [Test worker] INFO org.springframework.boot.test.context.SpringBootTestContextBootstrapper - Found @SpringBootConfiguration com.flora.FloraApplication for test class com.flora.service.UserServiceTest
15:43:08.042 [Test worker] DEBUG org.springframework.boot.test.context.SpringBootTestContextBootstrapper - @TestExecutionListeners is not present for class [com.flora.service.UserServiceTest]: using defaults.
15:43:08.042 [Test worker] INFO org.springframework.boot.test.context.SpringBootTestContextBootstrapper - Loaded default TestExecutionListener class names from location [META-INF/spring.factories]: [org.springframework.test.context.web.ServletTestExecutionListener, org.springframework.test.context.support.DirtiesContextBeforeModesTestExecutionListener, org.springframework.test.context.event.ApplicationEventsTestExecutionListener, org.springframework.test.context.support.DependencyInjectionTestExecutionListener, org.springframework.test.context.support.DirtiesContextTestExecutionListener, org.springframework.test.context.transaction.TransactionalTestExecutionListener, org.springframework.test.context.jdbc.SqlScriptsTestExecutionListener, org.springframework.test.context.event.EventPublishingTestExecutionListener, org.springframework.boot.test.autoconfigure.restdocs.RestDocsTestExecutionListener, org.springframework.boot.test.autoconfigure.web.client.MockRestServiceServerResetTestExecutionListener, org.springframework.boot.test.autoconfigure.web.servlet.MockMvcPrintOnlyOnFailureTestExecutionListener, org.springframework.boot.test.autoconfigure.web.servlet.WebDriverTestExecutionListener, org.springframework.boot.test.autoconfigure.webservices.client.MockWebServiceServerTestExecutionListener, org.springframework.boot.test.mock.mockito.MockitoTestExecutionListener, org.springframework.boot.test.mock.mockito.ResetMocksTestExecutionListener]
15:43:08.053 [Test worker] INFO org.springframework.boot.test.context.SpringBootTestContextBootstrapper - Using TestExecutionListeners: [org.springframework.test.context.web.ServletTestExecutionListener@53bc1328, org.springframework.test.context.support.DirtiesContextBeforeModesTestExecutionListener@26f143ed, org.springframework.test.context.event.ApplicationEventsTestExecutionListener@3c1e3314, org.springframework.boot.test.mock.mockito.MockitoTestExecutionListener@4b770e40, org.springframework.boot.test.autoconfigure.SpringBootDependencyInjectionTestExecutionListener@78e16155, org.springframework.test.context.support.DirtiesContextTestExecutionListener@54a3ab8f, org.springframework.test.context.transaction.TransactionalTestExecutionListener@1968a49c, org.springframework.test.context.jdbc.SqlScriptsTestExecutionListener@6a1ebcff, org.springframework.test.context.event.EventPublishingTestExecutionListener@19868320, org.springframework.boot.test.autoconfigure.restdocs.RestDocsTestExecutionListener@50b0bc4c, org.springframework.boot.test.autoconfigure.web.client.MockRestServiceServerResetTestExecutionListener@c20be82, org.springframework.boot.test.autoconfigure.web.servlet.MockMvcPrintOnlyOnFailureTestExecutionListener@13c612bd, org.springframework.boot.test.autoconfigure.web.servlet.WebDriverTestExecutionListener@3ef41c66, org.springframework.boot.test.autoconfigure.webservices.client.MockWebServiceServerTestExecutionListener@6b739528, org.springframework.boot.test.mock.mockito.ResetMocksTestExecutionListener@622ef26a]
15:43:08.062 [Test worker] DEBUG org.springframework.test.context.support.AbstractDirtiesContextTestExecutionListener - Before test class: context [DefaultTestContext@315df4bb testClass = UserServiceTest, testInstance = [null], testMethod = [null], testException = [null], mergedContextConfiguration = [WebMergedContextConfiguration@3fc08eec testClass = UserServiceTest, locations = '{}', classes = '{class com.flora.FloraApplication}', contextInitializerClasses = '[]', activeProfiles = '{}', propertySourceLocations = '{}', propertySourceProperties = '{org.springframework.boot.test.context.SpringBootTestContextBootstrapper=true}', contextCustomizers = set[org.springframework.boot.test.autoconfigure.actuate.metrics.MetricsExportContextCustomizerFactory$DisableMetricExportContextCustomizer@30d4b288, org.springframework.boot.test.autoconfigure.properties.PropertyMappingContextCustomizer@0, org.springframework.boot.test.autoconfigure.web.servlet.WebDriverContextCustomizerFactory$Customizer@13e3c1c7, org.springframework.boot.test.context.filter.ExcludeFilterContextCustomizer@5b40ceb, org.springframework.boot.test.json.DuplicateJsonObjectContextCustomizerFactory$DuplicateJsonObjectContextCustomizer@36546a22, org.springframework.boot.test.mock.mockito.MockitoContextCustomizer@0, org.springframework.boot.test.web.client.TestRestTemplateContextCustomizer@636e8cc, org.springframework.boot.test.context.SpringBootTestArgs@1, org.springframework.boot.test.context.SpringBootTestWebEnvironment@6f1c29b7], resourceBasePath = 'src/main/webapp', contextLoader = 'org.springframework.boot.test.context.SpringBootContextLoader', parent = [null]], attributes = map['org.springframework.test.context.web.ServletTestExecutionListener.activateListener' -> true]], class annotated with @DirtiesContext [false] with mode [null].

  .   ____          _            __ _ _
 /\\ / ___'_ __ _ _(_)_ __  __ _ \ \ \ \
( ( )\___ | '_ | '_| | '_ \/ _` | \ \ \ \
 \\/  ___)| |_)| | | | | || (_| |  ) ) ) )
  '  |____| .__|_| |_|_| |_\__, | / / / /
 =========|_|==============|___/=/_/_/_/
 :: Spring Boot ::      (v2.7.17-SNAPSHOT)

2023-10-24 15:43:08.410  INFO [,,] 8457 --- [    Test worker] com.flora.service.UserServiceTest        : Starting UserServiceTest using Java 11.0.18 on jogeonhuis-MacBook-Air.local with PID 8457 (started by chogunhee in /Users/chogunhee/intellij_workspace/Flora)
2023-10-24 15:43:08.410  INFO [,,] 8457 --- [    Test worker] com.flora.service.UserServiceTest        : No active profile set, falling back to 1 default profile: "default"
2023-10-24 15:43:08.862  INFO [,,] 8457 --- [    Test worker] .s.d.r.c.RepositoryConfigurationDelegate : Bootstrapping Spring Data JPA repositories in DEFAULT mode.
2023-10-24 15:43:08.890  INFO [,,] 8457 --- [    Test worker] .s.d.r.c.RepositoryConfigurationDelegate : Finished Spring Data repository scanning in 23 ms. Found 2 JPA repository interfaces.
2023-10-24 15:43:09.086  INFO [,,] 8457 --- [    Test worker] o.s.cloud.context.scope.GenericScope     : BeanFactory id=0b1f9614-6f31-33e7-ba97-c8210a9f6146
2023-10-24 15:43:09.160  INFO [,,] 8457 --- [    Test worker] trationDelegate$BeanPostProcessorChecker : Bean 'org.springframework.ws.config.annotation.DelegatingWsConfiguration' of type [org.springframework.ws.config.annotation.DelegatingWsConfiguration$$EnhancerBySpringCGLIB$$26fea95e] is not eligible for getting processed by all BeanPostProcessors (for example: not eligible for auto-proxying)
2023-10-24 15:43:09.201  INFO [,,] 8457 --- [    Test worker] .w.s.a.s.AnnotationActionEndpointMapping : Supporting [WS-Addressing August 2004, WS-Addressing 1.0]
2023-10-24 15:43:09.504  INFO [,,] 8457 --- [    Test worker] o.hibernate.jpa.internal.util.LogHelper  : HHH000204: Processing PersistenceUnitInfo [name: default]
2023-10-24 15:43:09.534  INFO [,,] 8457 --- [    Test worker] org.hibernate.Version                    : HHH000412: Hibernate ORM core version 5.6.15.Final
2023-10-24 15:43:09.637  INFO [,,] 8457 --- [    Test worker] o.hibernate.annotations.common.Version   : HCANN000001: Hibernate Commons Annotations {5.1.2.Final}
2023-10-24 15:43:09.695  INFO [,,] 8457 --- [    Test worker] com.zaxxer.hikari.HikariDataSource       : HikariPool-1 - Starting...
2023-10-24 15:43:09.945  INFO [,,] 8457 --- [    Test worker] com.zaxxer.hikari.HikariDataSource       : HikariPool-1 - Start completed.
2023-10-24 15:43:09.963  INFO [,,] 8457 --- [    Test worker] org.hibernate.dialect.Dialect            : HHH000400: Using dialect: org.hibernate.dialect.MySQL8Dialect
2023-10-24 15:43:10.363  INFO [,,] 8457 --- [    Test worker] o.h.e.t.j.p.i.JtaPlatformInitiator       : HHH000490: Using JtaPlatform implementation: [org.hibernate.engine.transaction.jta.platform.internal.NoJtaPlatform]
2023-10-24 15:43:10.369  INFO [,,] 8457 --- [    Test worker] j.LocalContainerEntityManagerFactoryBean : Initialized JPA EntityManagerFactory for persistence unit 'default'
2023-10-24 15:43:11.021  INFO [,,] 8457 --- [    Test worker] pertySourcedRequestMappingHandlerMapping : Mapped URL path [/v2/api-docs] onto method [springfox.documentation.swagger2.web.Swagger2Controller#getDocumentation(String, HttpServletRequest)]
2023-10-24 15:43:11.669  INFO [,,] 8457 --- [    Test worker] d.s.w.p.DocumentationPluginsBootstrapper : Context refreshed
2023-10-24 15:43:11.682  INFO [,,] 8457 --- [    Test worker] d.s.w.p.DocumentationPluginsBootstrapper : Found 1 custom documentation plugin(s)
2023-10-24 15:43:11.694  INFO [,,] 8457 --- [    Test worker] s.d.s.w.s.ApiListingReferenceScanner     : Scanning for api listing references
2023-10-24 15:43:11.778  INFO [,,] 8457 --- [    Test worker] com.flora.service.UserServiceTest        : Started UserServiceTest in 3.687 seconds (JVM running for 4.338)
Hibernate: 
    select
        userentity0_.seq as seq1_1_0_,
        userentity0_.email as email2_1_0_,
        userentity0_.password as password3_1_0_,
        userentity0_.tel as tel4_1_0_,
        userentity0_.user_id as user_id5_1_0_,
        userentity0_.user_name as user_nam6_1_0_ 
    from
        user userentity0_ 
    where
        userentity0_.seq=?
Hibernate: 
    update
        user 
    set
        email=?,
        password=?,
        tel=?,
        user_id=?,
        user_name=? 
    where
        seq=?
]]></system-out>
  <system-err><![CDATA[]]></system-err>
</testsuite>
